<?xml version="1.0" encoding="UTF-8"?>
<testng-results skipped="0" failed="0" ignored="0" total="1" passed="1">
  <reporter-output>
  </reporter-output>
  <suite name="Default suite" duration-ms="38559" started-at="2018-11-12T11:57:06Z" finished-at="2018-11-12T11:57:44Z">
    <groups>
    </groups>
    <test name="Default test" duration-ms="38559" started-at="2018-11-12T11:57:06Z" finished-at="2018-11-12T11:57:44Z">
      <class name="com.selenium.test.Logout">
        <test-method status="PASS" signature="setup()[pri:0, instance:com.selenium.test.Logout@2805d709]" name="setup" is-config="true" duration-ms="37101" started-at="2018-11-12T11:57:06Z" finished-at="2018-11-12T11:57:43Z">
          <reporter-output>
          </reporter-output>
        </test-method> <!-- setup -->
        <test-method status="PASS" signature="verifyLogoutSuccess()[pri:0, instance:com.selenium.test.Logout@2805d709]" name="verifyLogoutSuccess" duration-ms="1413" started-at="2018-11-12T11:57:43Z" finished-at="2018-11-12T11:57:44Z">
          <reporter-output>
          </reporter-output>
        </test-method> <!-- verifyLogoutSuccess -->
        <test-method status="PASS" signature="tearDown()[pri:0, instance:com.selenium.test.Logout@2805d709]" name="tearDown" is-config="true" duration-ms="1" started-at="2018-11-12T11:57:44Z" finished-at="2018-11-12T11:57:44Z">
          <reporter-output>
          </reporter-output>
        </test-method> <!-- tearDown -->
      </class> <!-- com.selenium.test.Logout -->
    </test> <!-- Default test -->
  </suite> <!-- Default suite -->
</testng-results>
