<?xml version="1.0" encoding="UTF-8"?>
<testng-results skipped="0" failed="0" ignored="0" total="2" passed="2">
  <reporter-output>
  </reporter-output>
  <suite name="Default suite" duration-ms="22880" started-at="2018-11-11T17:41:09Z" finished-at="2018-11-11T17:41:32Z">
    <groups>
    </groups>
    <test name="Default test" duration-ms="22880" started-at="2018-11-11T17:41:09Z" finished-at="2018-11-11T17:41:32Z">
      <class name="com.selenium.test.Login">
        <test-method status="PASS" signature="setup()[pri:0, instance:com.selenium.test.Login@2805d709]" name="setup" is-config="true" duration-ms="19228" started-at="2018-11-11T17:41:09Z" finished-at="2018-11-11T17:41:28Z">
          <reporter-output>
          </reporter-output>
        </test-method> <!-- setup -->
        <test-method status="PASS" signature="verfiyLoginFailure()[pri:0, instance:com.selenium.test.Login@2805d709]" name="verfiyLoginFailure" duration-ms="640" started-at="2018-11-11T17:41:28Z" finished-at="2018-11-11T17:41:29Z">
          <reporter-output>
          </reporter-output>
        </test-method> <!-- verfiyLoginFailure -->
        <test-method status="PASS" signature="verfiyLoginSuccess()[pri:0, instance:com.selenium.test.Login@2805d709]" name="verfiyLoginSuccess" duration-ms="767" started-at="2018-11-11T17:41:29Z" finished-at="2018-11-11T17:41:29Z">
          <reporter-output>
          </reporter-output>
        </test-method> <!-- verfiyLoginSuccess -->
        <test-method status="PASS" signature="tearDown()[pri:0, instance:com.selenium.test.Login@2805d709]" name="tearDown" is-config="true" duration-ms="2199" started-at="2018-11-11T17:41:29Z" finished-at="2018-11-11T17:41:32Z">
          <reporter-output>
          </reporter-output>
        </test-method> <!-- tearDown -->
      </class> <!-- com.selenium.test.Login -->
    </test> <!-- Default test -->
  </suite> <!-- Default suite -->
</testng-results>
