<?xml version="1.0" encoding="UTF-8"?>
<!-- Generated by org.testng.reporters.JUnitXMLReporter -->
<testsuite hostname="DESKTOP-L9FPGM3" ignored="0" name="test1" tests="6" failures="1" timestamp="18 Nov 2018 18:28:25 GMT" time="57.764" errors="0">
  <testcase name="verfiyLoginFailure" time="0.685" classname="com.selenium.test.Login"/>
  <testcase name="verfiyLoginSuccess" time="0.782" classname="com.selenium.test.Login"/>
  <testcase name="verifyLogoutSuccess" time="2.035" classname="com.selenium.test.Logout"/>
  <testcase name="Dashboard" time="1.46" classname="com.selenium.test.Dashboard"/>
  <testcase name="verifyToClickOnOnboardingSchool" time="1.592" classname="com.selenium.test.OnboardingSchool"/>
  <testcase name="verifyClickingOfUploadXLSXFile" time="0.189" classname="com.selenium.test.OnboardingSchool">
    <failure type="java.lang.AssertionError" message="expected [] but found [Upload XLSX File]">
      <![CDATA[java.lang.AssertionError: expected [] but found [Upload XLSX File]
at com.selenium.test.OnboardingSchool.verifyClickingOfUploadXLSXFile(OnboardingSchool.java:84)
... Removed 31 stack frames]]>
    </failure>
  </testcase> <!-- verifyClickingOfUploadXLSXFile -->
</testsuite> <!-- test1 -->
